<?xml version="1.0" encoding="UTF-8"?>
<testsuite xmlns:xsi="http://www.w3.org/2001/XMLSchema-instance" xsi:noNamespaceSchemaLocation="https://maven.apache.org/surefire/maven-surefire-plugin/xsd/surefire-test-report.xsd" name="com.canalplus.blueprint.RunCucumberTest" time="4.679" tests="0" errors="0" skipped="0" failures="0">
  <properties>
    <property name="sun.desktop" value="windows"/>
    <property name="awt.toolkit" value="sun.awt.windows.WToolkit"/>
    <property name="file.encoding.pkg" value="sun.io"/>
    <property name="java.specification.version" value="1.8"/>
    <property name="sun.cpu.isalist" value="pentium_pro+mmx pentium_pro pentium+mmx pentium i486 i386 i86"/>
    <property name="sun.jnu.encoding" value="Cp1252"/>
    <property name="java.class.path" value="C:\Users\Rayene\Downloads\subscriber-test-automation\subscriber-test-automation\target\test-classes;C:\Users\Rayene\Downloads\subscriber-test-automation\subscriber-test-automation\target\classes;C:\Users\Rayene\.m2\repository\org\springframework\boot\spring-boot-starter\2.1.1.RELEASE\spring-boot-starter-2.1.1.RELEASE.jar;C:\Users\Rayene\.m2\repository\org\springframework\boot\spring-boot\2.1.1.RELEASE\spring-boot-2.1.1.RELEASE.jar;C:\Users\Rayene\.m2\repository\org\springframework\spring-context\5.1.3.RELEASE\spring-context-5.1.3.RELEASE.jar;C:\Users\Rayene\.m2\repository\org\springframework\boot\spring-boot-autoconfigure\2.1.1.RELEASE\spring-boot-autoconfigure-2.1.1.RELEASE.jar;C:\Users\Rayene\.m2\repository\javax\annotation\javax.annotation-api\1.3.2\javax.annotation-api-1.3.2.jar;C:\Users\Rayene\.m2\repository\org\springframework\spring-core\5.1.3.RELEASE\spring-core-5.1.3.RELEASE.jar;C:\Users\Rayene\.m2\repository\org\springframework\spring-jcl\5.1.3.RELEASE\spring-jcl-5.1.3.RELEASE.jar;C:\Users\Rayene\.m2\repository\org\yaml\snakeyaml\1.23\snakeyaml-1.23.jar;C:\Users\Rayene\.m2\repository\org\springframework\boot\spring-boot-starter-web\2.1.1.RELEASE\spring-boot-starter-web-2.1.1.RELEASE.jar;C:\Users\Rayene\.m2\repository\org\springframework\boot\spring-boot-starter-json\2.1.1.RELEASE\spring-boot-starter-json-2.1.1.RELEASE.jar;C:\Users\Rayene\.m2\repository\com\fasterxml\jackson\datatype\jackson-datatype-jdk8\2.9.7\jackson-datatype-jdk8-2.9.7.jar;C:\Users\Rayene\.m2\repository\com\fasterxml\jackson\datatype\jackson-datatype-jsr310\2.9.7\jackson-datatype-jsr310-2.9.7.jar;C:\Users\Rayene\.m2\repository\com\fasterxml\jackson\module\jackson-module-parameter-names\2.9.7\jackson-module-parameter-names-2.9.7.jar;C:\Users\Rayene\.m2\repository\org\springframework\boot\spring-boot-starter-tomcat\2.1.1.RELEASE\spring-boot-starter-tomcat-2.1.1.RELEASE.jar;C:\Users\Rayene\.m2\repository\org\apache\tomcat\embed\tomcat-embed-core\9.0.13\tomcat-embed-core-9.0.13.jar;C:\Users\Rayene\.m2\repository\org\apache\tomcat\embed\tomcat-embed-el\9.0.13\tomcat-embed-el-9.0.13.jar;C:\Users\Rayene\.m2\repository\org\apache\tomcat\embed\tomcat-embed-websocket\9.0.13\tomcat-embed-websocket-9.0.13.jar;C:\Users\Rayene\.m2\repository\org\hibernate\validator\hibernate-validator\6.0.13.Final\hibernate-validator-6.0.13.Final.jar;C:\Users\Rayene\.m2\repository\javax\validation\validation-api\2.0.1.Final\validation-api-2.0.1.Final.jar;C:\Users\Rayene\.m2\repository\org\jboss\logging\jboss-logging\3.3.2.Final\jboss-logging-3.3.2.Final.jar;C:\Users\Rayene\.m2\repository\com\fasterxml\classmate\1.4.0\classmate-1.4.0.jar;C:\Users\Rayene\.m2\repository\org\springframework\spring-web\5.1.3.RELEASE\spring-web-5.1.3.RELEASE.jar;C:\Users\Rayene\.m2\repository\org\springframework\spring-beans\5.1.3.RELEASE\spring-beans-5.1.3.RELEASE.jar;C:\Users\Rayene\.m2\repository\org\springframework\spring-webmvc\5.1.3.RELEASE\spring-webmvc-5.1.3.RELEASE.jar;C:\Users\Rayene\.m2\repository\org\springframework\spring-aop\5.1.3.RELEASE\spring-aop-5.1.3.RELEASE.jar;C:\Users\Rayene\.m2\repository\org\springframework\spring-expression\5.1.3.RELEASE\spring-expression-5.1.3.RELEASE.jar;C:\Users\Rayene\.m2\repository\org\springframework\boot\spring-boot-starter-data-jpa\2.1.1.RELEASE\spring-boot-starter-data-jpa-2.1.1.RELEASE.jar;C:\Users\Rayene\.m2\repository\org\springframework\boot\spring-boot-starter-aop\2.1.1.RELEASE\spring-boot-starter-aop-2.1.1.RELEASE.jar;C:\Users\Rayene\.m2\repository\org\aspectj\aspectjweaver\1.9.2\aspectjweaver-1.9.2.jar;C:\Users\Rayene\.m2\repository\org\springframework\boot\spring-boot-starter-jdbc\2.1.1.RELEASE\spring-boot-starter-jdbc-2.1.1.RELEASE.jar;C:\Users\Rayene\.m2\repository\com\zaxxer\HikariCP\3.2.0\HikariCP-3.2.0.jar;C:\Users\Rayene\.m2\repository\org\springframework\spring-jdbc\5.1.3.RELEASE\spring-jdbc-5.1.3.RELEASE.jar;C:\Users\Rayene\.m2\repository\javax\transaction\javax.transaction-api\1.3\javax.transaction-api-1.3.jar;C:\Users\Rayene\.m2\repository\javax\xml\bind\jaxb-api\2.3.1\jaxb-api-2.3.1.jar;C:\Users\Rayene\.m2\repository\javax\activation\javax.activation-api\1.2.0\javax.activation-api-1.2.0.jar;C:\Users\Rayene\.m2\repository\org\hibernate\hibernate-core\5.3.7.Final\hibernate-core-5.3.7.Final.jar;C:\Users\Rayene\.m2\repository\javax\persistence\javax.persistence-api\2.2\javax.persistence-api-2.2.jar;C:\Users\Rayene\.m2\repository\org\javassist\javassist\3.23.1-GA\javassist-3.23.1-GA.jar;C:\Users\Rayene\.m2\repository\net\bytebuddy\byte-buddy\1.9.5\byte-buddy-1.9.5.jar;C:\Users\Rayene\.m2\repository\antlr\antlr\2.7.7\antlr-2.7.7.jar;C:\Users\Rayene\.m2\repository\org\jboss\jandex\2.0.5.Final\jandex-2.0.5.Final.jar;C:\Users\Rayene\.m2\repository\org\dom4j\dom4j\2.1.1\dom4j-2.1.1.jar;C:\Users\Rayene\.m2\repository\org\hibernate\common\hibernate-commons-annotations\5.0.4.Final\hibernate-commons-annotations-5.0.4.Final.jar;C:\Users\Rayene\.m2\repository\org\springframework\data\spring-data-jpa\2.1.3.RELEASE\spring-data-jpa-2.1.3.RELEASE.jar;C:\Users\Rayene\.m2\repository\org\springframework\data\spring-data-commons\2.1.3.RELEASE\spring-data-commons-2.1.3.RELEASE.jar;C:\Users\Rayene\.m2\repository\org\springframework\spring-orm\5.1.3.RELEASE\spring-orm-5.1.3.RELEASE.jar;C:\Users\Rayene\.m2\repository\org\springframework\spring-tx\5.1.3.RELEASE\spring-tx-5.1.3.RELEASE.jar;C:\Users\Rayene\.m2\repository\org\springframework\spring-aspects\5.1.3.RELEASE\spring-aspects-5.1.3.RELEASE.jar;C:\Users\Rayene\.m2\repository\io\cucumber\cucumber-java\4.2.0\cucumber-java-4.2.0.jar;C:\Users\Rayene\.m2\repository\io\cucumber\cucumber-core\4.2.0\cucumber-core-4.2.0.jar;C:\Users\Rayene\.m2\repository\io\cucumber\cucumber-html\0.2.7\cucumber-html-0.2.7.jar;C:\Users\Rayene\.m2\repository\io\cucumber\gherkin\5.1.0\gherkin-5.1.0.jar;C:\Users\Rayene\.m2\repository\io\cucumber\tag-expressions\1.1.1\tag-expressions-1.1.1.jar;C:\Users\Rayene\.m2\repository\io\cucumber\cucumber-expressions\6.2.0\cucumber-expressions-6.2.0.jar;C:\Users\Rayene\.m2\repository\io\cucumber\datatable\1.1.7\datatable-1.1.7.jar;C:\Users\Rayene\.m2\repository\io\cucumber\datatable-dependencies\1.1.7\datatable-dependencies-1.1.7.jar;C:\Users\Rayene\.m2\repository\io\cucumber\cucumber-java8\4.2.0\cucumber-java8-4.2.0.jar;C:\Users\Rayene\.m2\repository\net\jodah\typetools\0.5.0\typetools-0.5.0.jar;C:\Users\Rayene\.m2\repository\io\cucumber\cucumber-spring\4.2.0\cucumber-spring-4.2.0.jar;C:\Users\Rayene\.m2\repository\io\cucumber\cucumber-junit\4.2.0\cucumber-junit-4.2.0.jar;C:\Users\Rayene\.m2\repository\junit\junit\4.12\junit-4.12.jar;C:\Users\Rayene\.m2\repository\io\cucumber\cucumber-testng\4.2.0\cucumber-testng-4.2.0.jar;C:\Users\Rayene\.m2\repository\org\testng\testng\6.14.3\testng-6.14.3.jar;C:\Users\Rayene\.m2\repository\com\beust\jcommander\1.72\jcommander-1.72.jar;C:\Users\Rayene\.m2\repository\org\apache-extras\beanshell\bsh\2.0b6\bsh-2.0b6.jar;C:\Users\Rayene\.m2\repository\net\masterthought\cucumber-reporting\4.2.3\cucumber-reporting-4.2.3.jar;C:\Users\Rayene\.m2\repository\com\fasterxml\jackson\core\jackson-databind\2.9.7\jackson-databind-2.9.7.jar;C:\Users\Rayene\.m2\repository\org\apache\velocity\velocity\1.7\velocity-1.7.jar;C:\Users\Rayene\.m2\repository\commons-collections\commons-collections\3.2.1\commons-collections-3.2.1.jar;C:\Users\Rayene\.m2\repository\commons-lang\commons-lang\2.4\commons-lang-2.4.jar;C:\Users\Rayene\.m2\repository\velocity-tools\velocity-tools\1.4\velocity-tools-1.4.jar;C:\Users\Rayene\.m2\repository\joda-time\joda-time\2.10.1\joda-time-2.10.1.jar;C:\Users\Rayene\.m2\repository\org\apache\commons\commons-lang3\3.8.1\commons-lang3-3.8.1.jar;C:\Users\Rayene\.m2\repository\commons-io\commons-io\2.6\commons-io-2.6.jar;C:\Users\Rayene\.m2\repository\org\codehaus\plexus\plexus-utils\3.1.0\plexus-utils-3.1.0.jar;C:\Users\Rayene\.m2\repository\org\jsoup\jsoup\1.11.3\jsoup-1.11.3.jar;C:\Users\Rayene\.m2\repository\com\googlecode\owasp-java-html-sanitizer\owasp-java-html-sanitizer\20181114.1\owasp-java-html-sanitizer-20181114.1.jar;C:\Users\Rayene\.m2\repository\commons-configuration\commons-configuration\1.10\commons-configuration-1.10.jar;C:\Users\Rayene\.m2\repository\commons-logging\commons-logging\1.1.1\commons-logging-1.1.1.jar;C:\Users\Rayene\.m2\repository\com\github\tomakehurst\wiremock\2.21.0\wiremock-2.21.0.jar;C:\Users\Rayene\.m2\repository\org\eclipse\jetty\jetty-server\9.4.12.v20180830\jetty-server-9.4.12.v20180830.jar;C:\Users\Rayene\.m2\repository\javax\servlet\javax.servlet-api\4.0.1\javax.servlet-api-4.0.1.jar;C:\Users\Rayene\.m2\repository\org\eclipse\jetty\jetty-http\9.4.12.v20180830\jetty-http-9.4.12.v20180830.jar;C:\Users\Rayene\.m2\repository\org\eclipse\jetty\jetty-io\9.4.12.v20180830\jetty-io-9.4.12.v20180830.jar;C:\Users\Rayene\.m2\repository\org\eclipse\jetty\jetty-servlet\9.4.12.v20180830\jetty-servlet-9.4.12.v20180830.jar;C:\Users\Rayene\.m2\repository\org\eclipse\jetty\jetty-security\9.4.12.v20180830\jetty-security-9.4.12.v20180830.jar;C:\Users\Rayene\.m2\repository\org\eclipse\jetty\jetty-servlets\9.4.12.v20180830\jetty-servlets-9.4.12.v20180830.jar;C:\Users\Rayene\.m2\repository\org\eclipse\jetty\jetty-continuation\9.4.12.v20180830\jetty-continuation-9.4.12.v20180830.jar;C:\Users\Rayene\.m2\repository\org\eclipse\jetty\jetty-util\9.4.12.v20180830\jetty-util-9.4.12.v20180830.jar;C:\Users\Rayene\.m2\repository\org\eclipse\jetty\jetty-webapp\9.4.12.v20180830\jetty-webapp-9.4.12.v20180830.jar;C:\Users\Rayene\.m2\repository\org\eclipse\jetty\jetty-xml\9.4.12.v20180830\jetty-xml-9.4.12.v20180830.jar;C:\Users\Rayene\.m2\repository\com\google\guava\guava\20.0\guava-20.0.jar;C:\Users\Rayene\.m2\repository\com\fasterxml\jackson\core\jackson-core\2.9.7\jackson-core-2.9.7.jar;C:\Users\Rayene\.m2\repository\com\fasterxml\jackson\core\jackson-annotations\2.9.0\jackson-annotations-2.9.0.jar;C:\Users\Rayene\.m2\repository\org\apache\httpcomponents\httpclient\4.5.6\httpclient-4.5.6.jar;C:\Users\Rayene\.m2\repository\org\apache\httpcomponents\httpcore\4.4.10\httpcore-4.4.10.jar;C:\Users\Rayene\.m2\repository\commons-codec\commons-codec\1.11\commons-codec-1.11.jar;C:\Users\Rayene\.m2\repository\org\xmlunit\xmlunit-core\2.6.2\xmlunit-core-2.6.2.jar;C:\Users\Rayene\.m2\repository\org\xmlunit\xmlunit-legacy\2.6.2\xmlunit-legacy-2.6.2.jar;C:\Users\Rayene\.m2\repository\com\jayway\jsonpath\json-path\2.4.0\json-path-2.4.0.jar;C:\Users\Rayene\.m2\repository\net\minidev\json-smart\2.3\json-smart-2.3.jar;C:\Users\Rayene\.m2\repository\net\minidev\accessors-smart\1.2\accessors-smart-1.2.jar;C:\Users\Rayene\.m2\repository\org\ow2\asm\asm\7.0\asm-7.0.jar;C:\Users\Rayene\.m2\repository\org\slf4j\slf4j-api\1.7.25\slf4j-api-1.7.25.jar;C:\Users\Rayene\.m2\repository\net\sf\jopt-simple\jopt-simple\5.0.3\jopt-simple-5.0.3.jar;C:\Users\Rayene\.m2\repository\com\flipkart\zjsonpatch\zjsonpatch\0.4.4\zjsonpatch-0.4.4.jar;C:\Users\Rayene\.m2\repository\com\github\jknack\handlebars\4.0.7\handlebars-4.0.7.jar;C:\Users\Rayene\.m2\repository\org\antlr\antlr4-runtime\4.7.1\antlr4-runtime-4.7.1.jar;C:\Users\Rayene\.m2\repository\com\github\jknack\handlebars-helpers\4.0.7\handlebars-helpers-4.0.7.jar;C:\Users\Rayene\.m2\repository\org\mapstruct\mapstruct-jdk8\1.1.0.Final\mapstruct-jdk8-1.1.0.Final.jar;C:\Users\Rayene\.m2\repository\javax\servlet\jstl\1.2\jstl-1.2.jar;C:\Users\Rayene\.m2\repository\org\springframework\boot\spring-boot-starter-test\2.1.1.RELEASE\spring-boot-starter-test-2.1.1.RELEASE.jar;C:\Users\Rayene\.m2\repository\org\springframework\boot\spring-boot-test\2.1.1.RELEASE\spring-boot-test-2.1.1.RELEASE.jar;C:\Users\Rayene\.m2\repository\org\springframework\boot\spring-boot-test-autoconfigure\2.1.1.RELEASE\spring-boot-test-autoconfigure-2.1.1.RELEASE.jar;C:\Users\Rayene\.m2\repository\org\assertj\assertj-core\3.11.1\assertj-core-3.11.1.jar;C:\Users\Rayene\.m2\repository\org\mockito\mockito-core\2.23.4\mockito-core-2.23.4.jar;C:\Users\Rayene\.m2\repository\net\bytebuddy\byte-buddy-agent\1.9.5\byte-buddy-agent-1.9.5.jar;C:\Users\Rayene\.m2\repository\org\objenesis\objenesis\2.6\objenesis-2.6.jar;C:\Users\Rayene\.m2\repository\org\hamcrest\hamcrest-core\1.3\hamcrest-core-1.3.jar;C:\Users\Rayene\.m2\repository\org\hamcrest\hamcrest-library\1.3\hamcrest-library-1.3.jar;C:\Users\Rayene\.m2\repository\org\skyscreamer\jsonassert\1.5.0\jsonassert-1.5.0.jar;C:\Users\Rayene\.m2\repository\com\vaadin\external\google\android-json\0.0.20131108.vaadin1\android-json-0.0.20131108.vaadin1.jar;C:\Users\Rayene\.m2\repository\org\springframework\spring-test\5.1.3.RELEASE\spring-test-5.1.3.RELEASE.jar;C:\Users\Rayene\.m2\repository\org\projectlombok\lombok\1.18.4\lombok-1.18.4.jar;C:\Users\Rayene\.m2\repository\org\springframework\boot\spring-boot-starter-log4j2\2.1.1.RELEASE\spring-boot-starter-log4j2-2.1.1.RELEASE.jar;C:\Users\Rayene\.m2\repository\org\apache\logging\log4j\log4j-slf4j-impl\2.11.1\log4j-slf4j-impl-2.11.1.jar;C:\Users\Rayene\.m2\repository\org\apache\logging\log4j\log4j-api\2.11.1\log4j-api-2.11.1.jar;C:\Users\Rayene\.m2\repository\org\apache\logging\log4j\log4j-core\2.11.1\log4j-core-2.11.1.jar;C:\Users\Rayene\.m2\repository\org\apache\logging\log4j\log4j-jul\2.11.1\log4j-jul-2.11.1.jar;C:\Users\Rayene\.m2\repository\org\slf4j\jul-to-slf4j\1.7.25\jul-to-slf4j-1.7.25.jar;C:\Users\Rayene\.m2\repository\com\h2database\h2\1.4.197\h2-1.4.197.jar;C:\Users\Rayene\.m2\repository\org\hibernate\hibernate-search-orm\5.11.0.Final\hibernate-search-orm-5.11.0.Final.jar;C:\Users\Rayene\.m2\repository\org\hibernate\hibernate-search-engine\5.11.0.Final\hibernate-search-engine-5.11.0.Final.jar;C:\Users\Rayene\.m2\repository\org\apache\lucene\lucene-core\5.5.5\lucene-core-5.5.5.jar;C:\Users\Rayene\.m2\repository\org\apache\lucene\lucene-misc\5.5.5\lucene-misc-5.5.5.jar;C:\Users\Rayene\.m2\repository\org\apache\lucene\lucene-analyzers-common\5.5.5\lucene-analyzers-common-5.5.5.jar;C:\Users\Rayene\.m2\repository\org\apache\lucene\lucene-facet\5.5.5\lucene-facet-5.5.5.jar;C:\Users\Rayene\.m2\repository\org\apache\lucene\lucene-queries\5.5.5\lucene-queries-5.5.5.jar;C:\Users\Rayene\.m2\repository\org\apache\lucene\lucene-queryparser\5.5.5\lucene-queryparser-5.5.5.jar;C:\Users\Rayene\.m2\repository\org\glassfish\jersey\core\jersey-client\2.27\jersey-client-2.27.jar;C:\Users\Rayene\.m2\repository\javax\ws\rs\javax.ws.rs-api\2.1\javax.ws.rs-api-2.1.jar;C:\Users\Rayene\.m2\repository\org\glassfish\jersey\core\jersey-common\2.27\jersey-common-2.27.jar;C:\Users\Rayene\.m2\repository\org\glassfish\hk2\osgi-resource-locator\1.0.1\osgi-resource-locator-1.0.1.jar;C:\Users\Rayene\.m2\repository\org\glassfish\hk2\external\javax.inject\2.5.0-b42\javax.inject-2.5.0-b42.jar;C:\Users\Rayene\.m2\repository\org\glassfish\jersey\containers\jersey-container-servlet-core\2.4.1\jersey-container-servlet-core-2.4.1.jar;C:\Users\Rayene\.m2\repository\org\glassfish\jersey\core\jersey-server\2.27\jersey-server-2.27.jar;C:\Users\Rayene\.m2\repository\org\glassfish\jersey\media\jersey-media-jaxb\2.27\jersey-media-jaxb-2.27.jar;C:\Users\Rayene\.m2\repository\org\glassfish\jersey\media\jersey-media-json-jackson\2.4.1\jersey-media-json-jackson-2.4.1.jar;C:\Users\Rayene\.m2\repository\org\codehaus\jackson\jackson-core-asl\1.9.11\jackson-core-asl-1.9.11.jar;C:\Users\Rayene\.m2\repository\org\codehaus\jackson\jackson-mapper-asl\1.9.11\jackson-mapper-asl-1.9.11.jar;C:\Users\Rayene\.m2\repository\org\codehaus\jackson\jackson-jaxrs\1.9.11\jackson-jaxrs-1.9.11.jar;C:\Users\Rayene\.m2\repository\org\codehaus\jackson\jackson-xc\1.9.11\jackson-xc-1.9.11.jar;"/>
    <property name="java.vm.vendor" value="Oracle Corporation"/>
    <property name="sun.arch.data.model" value="32"/>
    <property name="user.variant" value=""/>
    <property name="java.vendor.url" value="http://java.oracle.com/"/>
    <property name="user.timezone" value="Europe/Paris"/>
    <property name="user.country.format" value="FR"/>
    <property name="java.vm.specification.version" value="1.8"/>
    <property name="os.name" value="Windows 10"/>
    <property name="user.country" value="US"/>
    <property name="sun.java.launcher" value="SUN_STANDARD"/>
    <property name="sun.boot.library.path" value="C:\Program Files\java\jdk1.8.0_191\jre\bin"/>
    <property name="sun.java.command" value="C:\Users\Rayene\AppData\Local\Temp\surefire4102522165935907739\surefirebooter2430786023907937095.jar C:\Users\Rayene\AppData\Local\Temp\surefire4102522165935907739 2019-09-16T02-37-54_289-jvmRun1 surefire9148550526069461842tmp surefire_05670613891837028879tmp"/>
    <property name="surefire.test.class.path" value="C:\Users\Rayene\Downloads\subscriber-test-automation\subscriber-test-automation\target\test-classes;C:\Users\Rayene\Downloads\subscriber-test-automation\subscriber-test-automation\target\classes;C:\Users\Rayene\.m2\repository\org\springframework\boot\spring-boot-starter\2.1.1.RELEASE\spring-boot-starter-2.1.1.RELEASE.jar;C:\Users\Rayene\.m2\repository\org\springframework\boot\spring-boot\2.1.1.RELEASE\spring-boot-2.1.1.RELEASE.jar;C:\Users\Rayene\.m2\repository\org\springframework\spring-context\5.1.3.RELEASE\spring-context-5.1.3.RELEASE.jar;C:\Users\Rayene\.m2\repository\org\springframework\boot\spring-boot-autoconfigure\2.1.1.RELEASE\spring-boot-autoconfigure-2.1.1.RELEASE.jar;C:\Users\Rayene\.m2\repository\javax\annotation\javax.annotation-api\1.3.2\javax.annotation-api-1.3.2.jar;C:\Users\Rayene\.m2\repository\org\springframework\spring-core\5.1.3.RELEASE\spring-core-5.1.3.RELEASE.jar;C:\Users\Rayene\.m2\repository\org\springframework\spring-jcl\5.1.3.RELEASE\spring-jcl-5.1.3.RELEASE.jar;C:\Users\Rayene\.m2\repository\org\yaml\snakeyaml\1.23\snakeyaml-1.23.jar;C:\Users\Rayene\.m2\repository\org\springframework\boot\spring-boot-starter-web\2.1.1.RELEASE\spring-boot-starter-web-2.1.1.RELEASE.jar;C:\Users\Rayene\.m2\repository\org\springframework\boot\spring-boot-starter-json\2.1.1.RELEASE\spring-boot-starter-json-2.1.1.RELEASE.jar;C:\Users\Rayene\.m2\repository\com\fasterxml\jackson\datatype\jackson-datatype-jdk8\2.9.7\jackson-datatype-jdk8-2.9.7.jar;C:\Users\Rayene\.m2\repository\com\fasterxml\jackson\datatype\jackson-datatype-jsr310\2.9.7\jackson-datatype-jsr310-2.9.7.jar;C:\Users\Rayene\.m2\repository\com\fasterxml\jackson\module\jackson-module-parameter-names\2.9.7\jackson-module-parameter-names-2.9.7.jar;C:\Users\Rayene\.m2\repository\org\springframework\boot\spring-boot-starter-tomcat\2.1.1.RELEASE\spring-boot-starter-tomcat-2.1.1.RELEASE.jar;C:\Users\Rayene\.m2\repository\org\apache\tomcat\embed\tomcat-embed-core\9.0.13\tomcat-embed-core-9.0.13.jar;C:\Users\Rayene\.m2\repository\org\apache\tomcat\embed\tomcat-embed-el\9.0.13\tomcat-embed-el-9.0.13.jar;C:\Users\Rayene\.m2\repository\org\apache\tomcat\embed\tomcat-embed-websocket\9.0.13\tomcat-embed-websocket-9.0.13.jar;C:\Users\Rayene\.m2\repository\org\hibernate\validator\hibernate-validator\6.0.13.Final\hibernate-validator-6.0.13.Final.jar;C:\Users\Rayene\.m2\repository\javax\validation\validation-api\2.0.1.Final\validation-api-2.0.1.Final.jar;C:\Users\Rayene\.m2\repository\org\jboss\logging\jboss-logging\3.3.2.Final\jboss-logging-3.3.2.Final.jar;C:\Users\Rayene\.m2\repository\com\fasterxml\classmate\1.4.0\classmate-1.4.0.jar;C:\Users\Rayene\.m2\repository\org\springframework\spring-web\5.1.3.RELEASE\spring-web-5.1.3.RELEASE.jar;C:\Users\Rayene\.m2\repository\org\springframework\spring-beans\5.1.3.RELEASE\spring-beans-5.1.3.RELEASE.jar;C:\Users\Rayene\.m2\repository\org\springframework\spring-webmvc\5.1.3.RELEASE\spring-webmvc-5.1.3.RELEASE.jar;C:\Users\Rayene\.m2\repository\org\springframework\spring-aop\5.1.3.RELEASE\spring-aop-5.1.3.RELEASE.jar;C:\Users\Rayene\.m2\repository\org\springframework\spring-expression\5.1.3.RELEASE\spring-expression-5.1.3.RELEASE.jar;C:\Users\Rayene\.m2\repository\org\springframework\boot\spring-boot-starter-data-jpa\2.1.1.RELEASE\spring-boot-starter-data-jpa-2.1.1.RELEASE.jar;C:\Users\Rayene\.m2\repository\org\springframework\boot\spring-boot-starter-aop\2.1.1.RELEASE\spring-boot-starter-aop-2.1.1.RELEASE.jar;C:\Users\Rayene\.m2\repository\org\aspectj\aspectjweaver\1.9.2\aspectjweaver-1.9.2.jar;C:\Users\Rayene\.m2\repository\org\springframework\boot\spring-boot-starter-jdbc\2.1.1.RELEASE\spring-boot-starter-jdbc-2.1.1.RELEASE.jar;C:\Users\Rayene\.m2\repository\com\zaxxer\HikariCP\3.2.0\HikariCP-3.2.0.jar;C:\Users\Rayene\.m2\repository\org\springframework\spring-jdbc\5.1.3.RELEASE\spring-jdbc-5.1.3.RELEASE.jar;C:\Users\Rayene\.m2\repository\javax\transaction\javax.transaction-api\1.3\javax.transaction-api-1.3.jar;C:\Users\Rayene\.m2\repository\javax\xml\bind\jaxb-api\2.3.1\jaxb-api-2.3.1.jar;C:\Users\Rayene\.m2\repository\javax\activation\javax.activation-api\1.2.0\javax.activation-api-1.2.0.jar;C:\Users\Rayene\.m2\repository\org\hibernate\hibernate-core\5.3.7.Final\hibernate-core-5.3.7.Final.jar;C:\Users\Rayene\.m2\repository\javax\persistence\javax.persistence-api\2.2\javax.persistence-api-2.2.jar;C:\Users\Rayene\.m2\repository\org\javassist\javassist\3.23.1-GA\javassist-3.23.1-GA.jar;C:\Users\Rayene\.m2\repository\net\bytebuddy\byte-buddy\1.9.5\byte-buddy-1.9.5.jar;C:\Users\Rayene\.m2\repository\antlr\antlr\2.7.7\antlr-2.7.7.jar;C:\Users\Rayene\.m2\repository\org\jboss\jandex\2.0.5.Final\jandex-2.0.5.Final.jar;C:\Users\Rayene\.m2\repository\org\dom4j\dom4j\2.1.1\dom4j-2.1.1.jar;C:\Users\Rayene\.m2\repository\org\hibernate\common\hibernate-commons-annotations\5.0.4.Final\hibernate-commons-annotations-5.0.4.Final.jar;C:\Users\Rayene\.m2\repository\org\springframework\data\spring-data-jpa\2.1.3.RELEASE\spring-data-jpa-2.1.3.RELEASE.jar;C:\Users\Rayene\.m2\repository\org\springframework\data\spring-data-commons\2.1.3.RELEASE\spring-data-commons-2.1.3.RELEASE.jar;C:\Users\Rayene\.m2\repository\org\springframework\spring-orm\5.1.3.RELEASE\spring-orm-5.1.3.RELEASE.jar;C:\Users\Rayene\.m2\repository\org\springframework\spring-tx\5.1.3.RELEASE\spring-tx-5.1.3.RELEASE.jar;C:\Users\Rayene\.m2\repository\org\springframework\spring-aspects\5.1.3.RELEASE\spring-aspects-5.1.3.RELEASE.jar;C:\Users\Rayene\.m2\repository\io\cucumber\cucumber-java\4.2.0\cucumber-java-4.2.0.jar;C:\Users\Rayene\.m2\repository\io\cucumber\cucumber-core\4.2.0\cucumber-core-4.2.0.jar;C:\Users\Rayene\.m2\repository\io\cucumber\cucumber-html\0.2.7\cucumber-html-0.2.7.jar;C:\Users\Rayene\.m2\repository\io\cucumber\gherkin\5.1.0\gherkin-5.1.0.jar;C:\Users\Rayene\.m2\repository\io\cucumber\tag-expressions\1.1.1\tag-expressions-1.1.1.jar;C:\Users\Rayene\.m2\repository\io\cucumber\cucumber-expressions\6.2.0\cucumber-expressions-6.2.0.jar;C:\Users\Rayene\.m2\repository\io\cucumber\datatable\1.1.7\datatable-1.1.7.jar;C:\Users\Rayene\.m2\repository\io\cucumber\datatable-dependencies\1.1.7\datatable-dependencies-1.1.7.jar;C:\Users\Rayene\.m2\repository\io\cucumber\cucumber-java8\4.2.0\cucumber-java8-4.2.0.jar;C:\Users\Rayene\.m2\repository\net\jodah\typetools\0.5.0\typetools-0.5.0.jar;C:\Users\Rayene\.m2\repository\io\cucumber\cucumber-spring\4.2.0\cucumber-spring-4.2.0.jar;C:\Users\Rayene\.m2\repository\io\cucumber\cucumber-junit\4.2.0\cucumber-junit-4.2.0.jar;C:\Users\Rayene\.m2\repository\junit\junit\4.12\junit-4.12.jar;C:\Users\Rayene\.m2\repository\io\cucumber\cucumber-testng\4.2.0\cucumber-testng-4.2.0.jar;C:\Users\Rayene\.m2\repository\org\testng\testng\6.14.3\testng-6.14.3.jar;C:\Users\Rayene\.m2\repository\com\beust\jcommander\1.72\jcommander-1.72.jar;C:\Users\Rayene\.m2\repository\org\apache-extras\beanshell\bsh\2.0b6\bsh-2.0b6.jar;C:\Users\Rayene\.m2\repository\net\masterthought\cucumber-reporting\4.2.3\cucumber-reporting-4.2.3.jar;C:\Users\Rayene\.m2\repository\com\fasterxml\jackson\core\jackson-databind\2.9.7\jackson-databind-2.9.7.jar;C:\Users\Rayene\.m2\repository\org\apache\velocity\velocity\1.7\velocity-1.7.jar;C:\Users\Rayene\.m2\repository\commons-collections\commons-collections\3.2.1\commons-collections-3.2.1.jar;C:\Users\Rayene\.m2\repository\commons-lang\commons-lang\2.4\commons-lang-2.4.jar;C:\Users\Rayene\.m2\repository\velocity-tools\velocity-tools\1.4\velocity-tools-1.4.jar;C:\Users\Rayene\.m2\repository\joda-time\joda-time\2.10.1\joda-time-2.10.1.jar;C:\Users\Rayene\.m2\repository\org\apache\commons\commons-lang3\3.8.1\commons-lang3-3.8.1.jar;C:\Users\Rayene\.m2\repository\commons-io\commons-io\2.6\commons-io-2.6.jar;C:\Users\Rayene\.m2\repository\org\codehaus\plexus\plexus-utils\3.1.0\plexus-utils-3.1.0.jar;C:\Users\Rayene\.m2\repository\org\jsoup\jsoup\1.11.3\jsoup-1.11.3.jar;C:\Users\Rayene\.m2\repository\com\googlecode\owasp-java-html-sanitizer\owasp-java-html-sanitizer\20181114.1\owasp-java-html-sanitizer-20181114.1.jar;C:\Users\Rayene\.m2\repository\commons-configuration\commons-configuration\1.10\commons-configuration-1.10.jar;C:\Users\Rayene\.m2\repository\commons-logging\commons-logging\1.1.1\commons-logging-1.1.1.jar;C:\Users\Rayene\.m2\repository\com\github\tomakehurst\wiremock\2.21.0\wiremock-2.21.0.jar;C:\Users\Rayene\.m2\repository\org\eclipse\jetty\jetty-server\9.4.12.v20180830\jetty-server-9.4.12.v20180830.jar;C:\Users\Rayene\.m2\repository\javax\servlet\javax.servlet-api\4.0.1\javax.servlet-api-4.0.1.jar;C:\Users\Rayene\.m2\repository\org\eclipse\jetty\jetty-http\9.4.12.v20180830\jetty-http-9.4.12.v20180830.jar;C:\Users\Rayene\.m2\repository\org\eclipse\jetty\jetty-io\9.4.12.v20180830\jetty-io-9.4.12.v20180830.jar;C:\Users\Rayene\.m2\repository\org\eclipse\jetty\jetty-servlet\9.4.12.v20180830\jetty-servlet-9.4.12.v20180830.jar;C:\Users\Rayene\.m2\repository\org\eclipse\jetty\jetty-security\9.4.12.v20180830\jetty-security-9.4.12.v20180830.jar;C:\Users\Rayene\.m2\repository\org\eclipse\jetty\jetty-servlets\9.4.12.v20180830\jetty-servlets-9.4.12.v20180830.jar;C:\Users\Rayene\.m2\repository\org\eclipse\jetty\jetty-continuation\9.4.12.v20180830\jetty-continuation-9.4.12.v20180830.jar;C:\Users\Rayene\.m2\repository\org\eclipse\jetty\jetty-util\9.4.12.v20180830\jetty-util-9.4.12.v20180830.jar;C:\Users\Rayene\.m2\repository\org\eclipse\jetty\jetty-webapp\9.4.12.v20180830\jetty-webapp-9.4.12.v20180830.jar;C:\Users\Rayene\.m2\repository\org\eclipse\jetty\jetty-xml\9.4.12.v20180830\jetty-xml-9.4.12.v20180830.jar;C:\Users\Rayene\.m2\repository\com\google\guava\guava\20.0\guava-20.0.jar;C:\Users\Rayene\.m2\repository\com\fasterxml\jackson\core\jackson-core\2.9.7\jackson-core-2.9.7.jar;C:\Users\Rayene\.m2\repository\com\fasterxml\jackson\core\jackson-annotations\2.9.0\jackson-annotations-2.9.0.jar;C:\Users\Rayene\.m2\repository\org\apache\httpcomponents\httpclient\4.5.6\httpclient-4.5.6.jar;C:\Users\Rayene\.m2\repository\org\apache\httpcomponents\httpcore\4.4.10\httpcore-4.4.10.jar;C:\Users\Rayene\.m2\repository\commons-codec\commons-codec\1.11\commons-codec-1.11.jar;C:\Users\Rayene\.m2\repository\org\xmlunit\xmlunit-core\2.6.2\xmlunit-core-2.6.2.jar;C:\Users\Rayene\.m2\repository\org\xmlunit\xmlunit-legacy\2.6.2\xmlunit-legacy-2.6.2.jar;C:\Users\Rayene\.m2\repository\com\jayway\jsonpath\json-path\2.4.0\json-path-2.4.0.jar;C:\Users\Rayene\.m2\repository\net\minidev\json-smart\2.3\json-smart-2.3.jar;C:\Users\Rayene\.m2\repository\net\minidev\accessors-smart\1.2\accessors-smart-1.2.jar;C:\Users\Rayene\.m2\repository\org\ow2\asm\asm\7.0\asm-7.0.jar;C:\Users\Rayene\.m2\repository\org\slf4j\slf4j-api\1.7.25\slf4j-api-1.7.25.jar;C:\Users\Rayene\.m2\repository\net\sf\jopt-simple\jopt-simple\5.0.3\jopt-simple-5.0.3.jar;C:\Users\Rayene\.m2\repository\com\flipkart\zjsonpatch\zjsonpatch\0.4.4\zjsonpatch-0.4.4.jar;C:\Users\Rayene\.m2\repository\com\github\jknack\handlebars\4.0.7\handlebars-4.0.7.jar;C:\Users\Rayene\.m2\repository\org\antlr\antlr4-runtime\4.7.1\antlr4-runtime-4.7.1.jar;C:\Users\Rayene\.m2\repository\com\github\jknack\handlebars-helpers\4.0.7\handlebars-helpers-4.0.7.jar;C:\Users\Rayene\.m2\repository\org\mapstruct\mapstruct-jdk8\1.1.0.Final\mapstruct-jdk8-1.1.0.Final.jar;C:\Users\Rayene\.m2\repository\javax\servlet\jstl\1.2\jstl-1.2.jar;C:\Users\Rayene\.m2\repository\org\springframework\boot\spring-boot-starter-test\2.1.1.RELEASE\spring-boot-starter-test-2.1.1.RELEASE.jar;C:\Users\Rayene\.m2\repository\org\springframework\boot\spring-boot-test\2.1.1.RELEASE\spring-boot-test-2.1.1.RELEASE.jar;C:\Users\Rayene\.m2\repository\org\springframework\boot\spring-boot-test-autoconfigure\2.1.1.RELEASE\spring-boot-test-autoconfigure-2.1.1.RELEASE.jar;C:\Users\Rayene\.m2\repository\org\assertj\assertj-core\3.11.1\assertj-core-3.11.1.jar;C:\Users\Rayene\.m2\repository\org\mockito\mockito-core\2.23.4\mockito-core-2.23.4.jar;C:\Users\Rayene\.m2\repository\net\bytebuddy\byte-buddy-agent\1.9.5\byte-buddy-agent-1.9.5.jar;C:\Users\Rayene\.m2\repository\org\objenesis\objenesis\2.6\objenesis-2.6.jar;C:\Users\Rayene\.m2\repository\org\hamcrest\hamcrest-core\1.3\hamcrest-core-1.3.jar;C:\Users\Rayene\.m2\repository\org\hamcrest\hamcrest-library\1.3\hamcrest-library-1.3.jar;C:\Users\Rayene\.m2\repository\org\skyscreamer\jsonassert\1.5.0\jsonassert-1.5.0.jar;C:\Users\Rayene\.m2\repository\com\vaadin\external\google\android-json\0.0.20131108.vaadin1\android-json-0.0.20131108.vaadin1.jar;C:\Users\Rayene\.m2\repository\org\springframework\spring-test\5.1.3.RELEASE\spring-test-5.1.3.RELEASE.jar;C:\Users\Rayene\.m2\repository\org\projectlombok\lombok\1.18.4\lombok-1.18.4.jar;C:\Users\Rayene\.m2\repository\org\springframework\boot\spring-boot-starter-log4j2\2.1.1.RELEASE\spring-boot-starter-log4j2-2.1.1.RELEASE.jar;C:\Users\Rayene\.m2\repository\org\apache\logging\log4j\log4j-slf4j-impl\2.11.1\log4j-slf4j-impl-2.11.1.jar;C:\Users\Rayene\.m2\repository\org\apache\logging\log4j\log4j-api\2.11.1\log4j-api-2.11.1.jar;C:\Users\Rayene\.m2\repository\org\apache\logging\log4j\log4j-core\2.11.1\log4j-core-2.11.1.jar;C:\Users\Rayene\.m2\repository\org\apache\logging\log4j\log4j-jul\2.11.1\log4j-jul-2.11.1.jar;C:\Users\Rayene\.m2\repository\org\slf4j\jul-to-slf4j\1.7.25\jul-to-slf4j-1.7.25.jar;C:\Users\Rayene\.m2\repository\com\h2database\h2\1.4.197\h2-1.4.197.jar;C:\Users\Rayene\.m2\repository\org\hibernate\hibernate-search-orm\5.11.0.Final\hibernate-search-orm-5.11.0.Final.jar;C:\Users\Rayene\.m2\repository\org\hibernate\hibernate-search-engine\5.11.0.Final\hibernate-search-engine-5.11.0.Final.jar;C:\Users\Rayene\.m2\repository\org\apache\lucene\lucene-core\5.5.5\lucene-core-5.5.5.jar;C:\Users\Rayene\.m2\repository\org\apache\lucene\lucene-misc\5.5.5\lucene-misc-5.5.5.jar;C:\Users\Rayene\.m2\repository\org\apache\lucene\lucene-analyzers-common\5.5.5\lucene-analyzers-common-5.5.5.jar;C:\Users\Rayene\.m2\repository\org\apache\lucene\lucene-facet\5.5.5\lucene-facet-5.5.5.jar;C:\Users\Rayene\.m2\repository\org\apache\lucene\lucene-queries\5.5.5\lucene-queries-5.5.5.jar;C:\Users\Rayene\.m2\repository\org\apache\lucene\lucene-queryparser\5.5.5\lucene-queryparser-5.5.5.jar;C:\Users\Rayene\.m2\repository\org\glassfish\jersey\core\jersey-client\2.27\jersey-client-2.27.jar;C:\Users\Rayene\.m2\repository\javax\ws\rs\javax.ws.rs-api\2.1\javax.ws.rs-api-2.1.jar;C:\Users\Rayene\.m2\repository\org\glassfish\jersey\core\jersey-common\2.27\jersey-common-2.27.jar;C:\Users\Rayene\.m2\repository\org\glassfish\hk2\osgi-resource-locator\1.0.1\osgi-resource-locator-1.0.1.jar;C:\Users\Rayene\.m2\repository\org\glassfish\hk2\external\javax.inject\2.5.0-b42\javax.inject-2.5.0-b42.jar;C:\Users\Rayene\.m2\repository\org\glassfish\jersey\containers\jersey-container-servlet-core\2.4.1\jersey-container-servlet-core-2.4.1.jar;C:\Users\Rayene\.m2\repository\org\glassfish\jersey\core\jersey-server\2.27\jersey-server-2.27.jar;C:\Users\Rayene\.m2\repository\org\glassfish\jersey\media\jersey-media-jaxb\2.27\jersey-media-jaxb-2.27.jar;C:\Users\Rayene\.m2\repository\org\glassfish\jersey\media\jersey-media-json-jackson\2.4.1\jersey-media-json-jackson-2.4.1.jar;C:\Users\Rayene\.m2\repository\org\codehaus\jackson\jackson-core-asl\1.9.11\jackson-core-asl-1.9.11.jar;C:\Users\Rayene\.m2\repository\org\codehaus\jackson\jackson-mapper-asl\1.9.11\jackson-mapper-asl-1.9.11.jar;C:\Users\Rayene\.m2\repository\org\codehaus\jackson\jackson-jaxrs\1.9.11\jackson-jaxrs-1.9.11.jar;C:\Users\Rayene\.m2\repository\org\codehaus\jackson\jackson-xc\1.9.11\jackson-xc-1.9.11.jar;"/>
    <property name="sun.cpu.endian" value="little"/>
    <property name="user.home" value="C:\Users\Rayene"/>
    <property name="user.language" value="en"/>
    <property name="java.specification.vendor" value="Oracle Corporation"/>
    <property name="java.home" value="C:\Program Files\java\jdk1.8.0_191\jre"/>
    <property name="basedir" value="C:\Users\Rayene\Downloads\subscriber-test-automation\subscriber-test-automation"/>
    <property name="file.separator" value="\"/>
    <property name="line.separator" value="&#10;"/>
    <property name="java.vm.specification.vendor" value="Oracle Corporation"/>
    <property name="java.specification.name" value="Java Platform API Specification"/>
    <property name="java.awt.graphicsenv" value="sun.awt.Win32GraphicsEnvironment"/>
    <property name="surefire.real.class.path" value="C:\Users\Rayene\AppData\Local\Temp\surefire4102522165935907739\surefirebooter2430786023907937095.jar;C:\\Users\\Rayene\\.m2\\repository\\org\\jacoco\\org.jacoco.agent\\0.7.7.201606060606\\org.jacoco.agent-0.7.7.201606060606-runtime.jar"/>
    <property name="sun.boot.class.path" value="C:\Program Files\java\jdk1.8.0_191\jre\lib\resources.jar;C:\Program Files\java\jdk1.8.0_191\jre\lib\rt.jar;C:\Program Files\java\jdk1.8.0_191\jre\lib\sunrsasign.jar;C:\Program Files\java\jdk1.8.0_191\jre\lib\jsse.jar;C:\Program Files\java\jdk1.8.0_191\jre\lib\jce.jar;C:\Program Files\java\jdk1.8.0_191\jre\lib\charsets.jar;C:\Program Files\java\jdk1.8.0_191\jre\lib\jfr.jar;C:\Program Files\java\jdk1.8.0_191\jre\classes"/>
    <property name="user.script" value=""/>
    <property name="sun.management.compiler" value="HotSpot Client Compiler"/>
    <property name="java.runtime.version" value="1.8.0_191-b12"/>
    <property name="user.name" value="Rayene"/>
    <property name="path.separator" value=";"/>
    <property name="os.version" value="10.0"/>
    <property name="java.endorsed.dirs" value="C:\Program Files\java\jdk1.8.0_191\jre\lib\endorsed"/>
    <property name="java.runtime.name" value="Java(TM) SE Runtime Environment"/>
    <property name="file.encoding" value="Cp1252"/>
    <property name="java.vm.name" value="Java HotSpot(TM) Client VM"/>
    <property name="localRepository" value="C:\Users\Rayene\.m2\repository"/>
    <property name="java.vendor.url.bug" value="http://bugreport.sun.com/bugreport/"/>
    <property name="java.io.tmpdir" value="C:\Users\Rayene\AppData\Local\Temp\"/>
    <property name="java.version" value="1.8.0_191"/>
    <property name="user.dir" value="C:\Users\Rayene\Downloads\subscriber-test-automation\subscriber-test-automation"/>
    <property name="os.arch" value="x86"/>
    <property name="java.vm.specification.name" value="Java Virtual Machine Specification"/>
    <property name="java.awt.printerjob" value="sun.awt.windows.WPrinterJob"/>
    <property name="user.language.format" value="fr"/>
    <property name="sun.os.patch.level" value=""/>
    <property name="java.library.path" value="C:\Program Files\java\jdk1.8.0_191\jre\bin;C:\WINDOWS\Sun\Java\bin;C:\WINDOWS\system32;C:\WINDOWS;C:/Program Files/Java/jre1.8.0_181/bin/server;C:/Program Files/Java/jre1.8.0_181/bin;C:/Program Files/Java/jre1.8.0_181/lib/amd64;C:\ProgramData\DockerDesktop\version-bin;C:\Program Files\Docker\Docker\Resources\bin;C:\Program Files (x86)\Common Files\Oracle\Java\javapath;C:\ProgramData\Oracle\Java\javapath;C:\app\Rayene\product\11.2.0\dbhome_1\bin;C:\WINDOWS\system32;C:\WINDOWS;C:\WINDOWS\System32\Wbem;C:\WINDOWS\System32\WindowsPowerShell\v1.0\;C:\Program Files\java\jdk1.7.0_80\bin;C:\Program Files\Microsoft DNX\Dnvm\;C:\Program Files\Microsoft SQL Server\120\Tools\Binn\;C:\cygwin64;C:\scala\bin;C:\MinGW\bin;C:\Program Files (x86)\MATLAB\MATLAB Runtime\v90\runtime\win32;C:\Program Files (x86)\Common Files\GTK\2.0;C:\Users\Rayene\.dnx\bin;C:\spring-boot-cli-1.2.5.RELEASE-bin\spring-1.2.5.RELEASE\bin;C:\Program Files (x86)\Skype\Phone\;C:\Program Files\java\jdk1.8.0_191\bin;C:\WINDOWS\system32;C:\WINDOWS;C:\WINDOWS\System32\Wbem;C:\WINDOWS\System32\WindowsPowerShell\v1.0\;C:\WINDOWS\System32\OpenSSH\;C:\Users\Rayene\Downloads\apache-maven-3.5.4-src\apache-maven-3.5.4\apache-maven\src\bin;%CATALINA_HOME%\bin;C:\Program Files\PostgreSQL\10\bin;C:\Program Files\PostgreSQL\10\lib;C:\Program Files\Git\cmd;C:\Program Files (x86)\Yarn\bin\;C:\Program Files\nodejs\;C:\Program Files (x86)\GNU Tools ARM Embedded\4.9 2015q3\bin;C:\Program Files\MongoDB\Server\3.0\bin;C:\scala\bin;C:\Users\Rayene\AppData\Local\atom\bin;C:\Users\Rayene\AppData\Local\Microsoft\WindowsApps;C:\Users\Rayene\AppData\Local\Programs\Microsoft VS Code\bin;C:\Users\Rayene\AppData\Local\Yarn\bin;C:\Users\Rayene\AppData\Roaming\npm;C:\Users\Rayene\Desktop;;."/>
    <property name="java.vm.info" value="mixed mode"/>
    <property name="java.vendor" value="Oracle Corporation"/>
    <property name="java.vm.version" value="25.191-b12"/>
    <property name="java.ext.dirs" value="C:\Program Files\java\jdk1.8.0_191\jre\lib\ext;C:\WINDOWS\Sun\Java\lib\ext"/>
    <property name="sun.io.unicode.encoding" value="UnicodeLittle"/>
    <property name="java.class.version" value="52.0"/>
  </properties>
</testsuite>